<?xml version="1.0" encoding="UTF-8"?>
<testsuite xmlns:xsi="http://www.w3.org/2001/XMLSchema-instance" xsi:noNamespaceSchemaLocation="https://maven.apache.org/surefire/maven-surefire-plugin/xsd/surefire-test-report.xsd" name="com.getaway.assignment.test.RockPaperScissorsTest" time="0.018" tests="5" errors="0" skipped="0" failures="0">
  <properties>
[...]
</properties>
  <testcase name="testTie" classname="com.getaway.assignment.test.RockPaperScissorsTest" time="0.002"/>
  <testcase name="rpsMapValuesTest" classname="com.getaway.assignment.test.RockPaperScissorsTest" time="0"/>
  <testcase name="testPlayer2Lost" classname="com.getaway.assignment.test.RockPaperScissorsTest" time="0"/>
  <testcase name="testPlayer2Win" classname="com.getaway.assignment.test.RockPaperScissorsTest" time="0"/>
  <testcase name="testPlayer1Result" classname="com.getaway.assignment.test.RockPaperScissorsTest" time="0"/>
</testsuite>